[debug] [2024-05-03T12:54:17.006Z] ----------------------------------------------------------------------
[debug] [2024-05-03T12:54:17.007Z] Command:       /Users/maximiliantauber/.nvm/versions/node/v18.13.0/bin/node /usr/local/bin/firebase init
[debug] [2024-05-03T12:54:17.007Z] CLI Version:   13.0.1
[debug] [2024-05-03T12:54:17.007Z] Platform:      darwin
[debug] [2024-05-03T12:54:17.007Z] Node Version:  v18.13.0
[debug] [2024-05-03T12:54:17.008Z] Time:          Fri May 03 2024 14:54:17 GMT+0200 (Mitteleuropäische Sommerzeit)
[debug] [2024-05-03T12:54:17.008Z] ----------------------------------------------------------------------
[debug] 
[debug] [2024-05-03T12:54:17.010Z] > command requires scopes: ["email","openid","https://www.googleapis.com/auth/cloudplatformprojects.readonly","https://www.googleapis.com/auth/firebase","https://www.googleapis.com/auth/cloud-platform"]
[debug] [2024-05-03T12:54:17.010Z] > authorizing via signed-in user (maximilian.tauber@icloud.com)
[info] 
     ######## #### ########  ######## ########     ###     ######  ########
     ##        ##  ##     ## ##       ##     ##  ##   ##  ##       ##
     ######    ##  ########  ######   ########  #########  ######  ######
     ##        ##  ##    ##  ##       ##     ## ##     ##       ## ##
     ##       #### ##     ## ######## ########  ##     ##  ######  ########

You're about to initialize a Firebase project in this directory:

  /Users/maximiliantauber/Desktop/SaaS/SaaS/Developer Akademie/8 Angular/personal-homepage

[info] 
=== Project Setup
[info] 
[info] First, let's associate this project directory with a Firebase project.
[info] You can create multiple project aliases by running firebase use --add, 
[info] but for now we'll just set up a default project.
[info] 
[debug] [2024-05-03T12:54:20.515Z] >>> [apiv2][query] GET https://firebase.googleapis.com/v1beta1/projects pageSize=100
[debug] [2024-05-03T12:54:21.347Z] <<< [apiv2][status] GET https://firebase.googleapis.com/v1beta1/projects 200
[debug] [2024-05-03T12:54:21.347Z] <<< [apiv2][body] GET https://firebase.googleapis.com/v1beta1/projects [omitted]
